<?xml version="1.0" encoding="UTF-8"?>
<!-- Generated by org.testng.reporters.JUnitReportReporter -->
<testsuite hostname="DESKTOP-PGO8TV6" failures="0" tests="2" name="com.simplilearn.authtest.OauthAuthenticationTest" time="16.460" errors="0" timestamp="2024-01-22T11:56:20 IST" skipped="0">
  <testcase classname="com.simplilearn.authtest.OauthAuthenticationTest" name="testAuthenticationToken" time="2.135"/>
  <testcase classname="com.simplilearn.authtest.OauthAuthenticationTest" name="testAuthenticationBasedOnCredsToken" time="14.325"/>
</testsuite> <!-- com.simplilearn.authtest.OauthAuthenticationTest -->
