<?xml version="1.0" encoding="UTF-8"?>
<!-- Generated by org.testng.reporters.JUnitReportReporter -->
<testsuite hostname="DESKTOP-PGO8TV6" failures="0" tests="2" name="com.simplilearn.authtest.SSLAuthenticationTest" time="2.469" errors="0" timestamp="2024-01-22T20:16:08 IST" skipped="0">
  <testcase classname="com.simplilearn.authtest.SSLAuthenticationTest" name="testSSLCertificate1" time="1.411"/>
  <testcase classname="com.simplilearn.authtest.SSLAuthenticationTest" name="testSSLCertificate2" time="1.058"/>
</testsuite> <!-- com.simplilearn.authtest.SSLAuthenticationTest -->
