<?xml version="1.0" encoding="UTF-8"?>
<!-- Generated by org.testng.reporters.JUnitReportReporter -->
<testsuite hostname="DESKTOP-PGO8TV6" failures="0" tests="4" name="com.simplilearn.logstesting.TestLogs" time="0.147" errors="0" timestamp="2024-01-22T11:28:56 IST" skipped="0">
  <testcase classname="com.simplilearn.logstesting.TestLogs" name="testDebugLogs" time="0.043"/>
  <testcase classname="com.simplilearn.logstesting.TestLogs" name="testErrorLogs" time="0.046"/>
  <testcase classname="com.simplilearn.logstesting.TestLogs" name="testInfoLogs" time="0.046"/>
  <testcase classname="com.simplilearn.logstesting.TestLogs" name="testWarnLogs" time="0.012"/>
</testsuite> <!-- com.simplilearn.logstesting.TestLogs -->
