<?xml version="1.0" encoding="UTF-8"?>
<!-- Generated by org.testng.reporters.JUnitReportReporter -->
<testsuite hostname="DESKTOP-PGO8TV6" failures="0" tests="1" name="com.simplilearn.authtest.AuthenticationTest" time="1.937" errors="0" timestamp="2024-01-22T20:16:08 IST" skipped="0">
  <testcase classname="com.simplilearn.authtest.AuthenticationTest" name="testAuthenticationToken" time="1.937"/>
</testsuite> <!-- com.simplilearn.authtest.AuthenticationTest -->
