<?xml version="1.0" encoding="UTF-8"?>
<!-- Generated by org.testng.reporters.JUnitReportReporter -->
<testsuite hostname="DESKTOP-PGO8TV6" failures="0" tests="1" name="com.simplilearn.resttesting.PatchRequestTest" time="12.659" errors="0" timestamp="2024-01-22T11:32:44 IST" skipped="0">
  <testcase classname="com.simplilearn.resttesting.PatchRequestTest" name="putRequestTest" time="12.659"/>
</testsuite> <!-- com.simplilearn.resttesting.PatchRequestTest -->
