<?xml version="1.0" encoding="UTF-8"?>
<!-- Generated by org.testng.reporters.JUnitReportReporter -->
<testsuite hostname="DESKTOP-PGO8TV6" failures="0" tests="3" name="com.simplilearn.resttesting.DeleteRequestTest" time="11.912" errors="0" timestamp="2024-01-22T11:32:12 IST" skipped="0">
  <testcase classname="com.simplilearn.resttesting.DeleteRequestTest" name="putRequestTest" time="1.174"/>
  <testcase classname="com.simplilearn.resttesting.DeleteRequestTest" name="putRequestTest" time="9.549"/>
  <testcase classname="com.simplilearn.resttesting.DeleteRequestTest" name="putRequestTest" time="1.189"/>
</testsuite> <!-- com.simplilearn.resttesting.DeleteRequestTest -->
