<?xml version="1.0" encoding="UTF-8"?>
<!-- Generated by org.testng.reporters.JUnitReportReporter -->
<testsuite hostname="DESKTOP-PGO8TV6" failures="0" tests="1" name="com.simplilearn.resttesting.PostRequestTest" time="14.705" errors="0" timestamp="2024-01-22T11:31:13 IST" skipped="0">
  <testcase classname="com.simplilearn.resttesting.PostRequestTest" name="postRequestTest" time="14.705"/>
</testsuite> <!-- com.simplilearn.resttesting.PostRequestTest -->
