<?xml version="1.0" encoding="UTF-8"?>
<!-- Generated by org.testng.reporters.JUnitReportReporter -->
<testsuite hostname="DESKTOP-PGO8TV6" failures="0" tests="2" name="com.simplilearn.authtest.OauthAuthenticationTest" time="4.485" errors="0" timestamp="2024-01-22T20:16:08 IST" skipped="0">
  <testcase classname="com.simplilearn.authtest.OauthAuthenticationTest" name="testAuthenticationBasedOnCredsToken" time="2.080"/>
  <testcase classname="com.simplilearn.authtest.OauthAuthenticationTest" name="testAuthenticationToken" time="2.405"/>
</testsuite> <!-- com.simplilearn.authtest.OauthAuthenticationTest -->
