<?xml version="1.0" encoding="UTF-8"?>
<!-- Generated by org.testng.reporters.JUnitReportReporter -->
<testsuite hostname="DESKTOP-PGO8TV6" failures="0" tests="1" name="com.simplilearn.soaptesting.ListOfCountriesWithCountryCodeTest" time="1.157" errors="0" timestamp="2024-01-22T20:16:08 IST" skipped="0">
  <testcase classname="com.simplilearn.soaptesting.ListOfCountriesWithCountryCodeTest" name="testListOfCountriesWithCountryCode" time="1.157"/>
</testsuite> <!-- com.simplilearn.soaptesting.ListOfCountriesWithCountryCodeTest -->
