<?xml version="1.0" encoding="UTF-8"?>
<!-- Generated by org.testng.reporters.JUnitReportReporter -->
<testsuite hostname="DESKTOP-PGO8TV6" failures="0" tests="1" name="com.simplilearn.resttesting.PutRequestTest" time="2.244" errors="0" timestamp="2024-01-22T20:16:08 IST" skipped="0">
  <testcase classname="com.simplilearn.resttesting.PutRequestTest" name="putRequestTest" time="2.244"/>
</testsuite> <!-- com.simplilearn.resttesting.PutRequestTest -->
