<?xml version="1.0" encoding="UTF-8"?>
<!-- Generated by org.testng.reporters.JUnitReportReporter -->
<testsuite hostname="DESKTOP-PGO8TV6" failures="0" tests="1" name="com.simplilearn.soaptesting.NumberToWordConversion" time="3.458" errors="0" timestamp="2024-01-20T11:59:00 IST" skipped="0">
  <testcase classname="com.simplilearn.soaptesting.NumberToWordConversion" name="postXMLRequestTest" time="3.458"/>
</testsuite> <!-- com.simplilearn.soaptesting.NumberToWordConversion -->
