<?xml version="1.0" encoding="UTF-8"?>
<!-- Generated by org.testng.reporters.JUnitReportReporter -->
<testsuite hostname="DESKTOP-PGO8TV6" failures="0" tests="3" name="com.simplilearn.resttesting.GetRequestTest" time="19.120" errors="0" timestamp="2024-01-22T20:16:08 IST" skipped="0">
  <testcase classname="com.simplilearn.resttesting.GetRequestTest" name="getRequestWithQueryParmsTest" time="1.130"/>
  <testcase classname="com.simplilearn.resttesting.GetRequestTest" name="getRequestWithUserIdTest" time="1.036"/>
  <testcase classname="com.simplilearn.resttesting.GetRequestTest" name="getRequestTest" time="16.954"/>
</testsuite> <!-- com.simplilearn.resttesting.GetRequestTest -->
