<?xml version="1.0" encoding="UTF-8"?>
<!-- Generated by org.testng.reporters.JUnitReportReporter -->
<testsuite hostname="DESKTOP-PGO8TV6" failures="0" tests="3" name="com.simplilearn.resttesting.GetRequestTest" time="15.718" errors="0" timestamp="2024-01-22T11:30:39 IST" skipped="0">
  <testcase classname="com.simplilearn.resttesting.GetRequestTest" name="getRequestWithUserIdTest" time="2.124"/>
  <testcase classname="com.simplilearn.resttesting.GetRequestTest" name="getRequestWithQueryParmsTest" time="1.767"/>
  <testcase classname="com.simplilearn.resttesting.GetRequestTest" name="getRequestTest" time="11.827"/>
</testsuite> <!-- com.simplilearn.resttesting.GetRequestTest -->
